2020-12-20 22:59:20,371 INFO o.a.j.u.JMeterUtils: Setting Locale to en_EN
2020-12-20 22:59:20,390 INFO o.a.j.JMeter: Loading user properties from: user.properties
2020-12-20 22:59:20,391 INFO o.a.j.JMeter: Loading system properties from: system.properties
2020-12-20 22:59:20,391 INFO o.a.j.JMeter: Setting System property: server_port=1234
2020-12-20 22:59:20,401 INFO o.a.j.JMeter: Copyright (c) 1998-2020 The Apache Software Foundation
2020-12-20 22:59:20,402 INFO o.a.j.JMeter: Version 5.4
2020-12-20 22:59:20,402 INFO o.a.j.JMeter: java.version=1.8.0_265
2020-12-20 22:59:20,402 INFO o.a.j.JMeter: java.vm.name=OpenJDK 64-Bit Server VM
2020-12-20 22:59:20,402 INFO o.a.j.JMeter: os.name=Linux
2020-12-20 22:59:20,402 INFO o.a.j.JMeter: os.arch=amd64
2020-12-20 22:59:20,402 INFO o.a.j.JMeter: os.version=4.14.200-116.320.amzn1.x86_64
2020-12-20 22:59:20,402 INFO o.a.j.JMeter: file.encoding=UTF-8
2020-12-20 22:59:20,402 INFO o.a.j.JMeter: java.awt.headless=true
2020-12-20 22:59:20,402 INFO o.a.j.JMeter: Max memory     =1073741824
2020-12-20 22:59:20,402 INFO o.a.j.JMeter: Available Processors =2
2020-12-20 22:59:20,408 INFO o.a.j.JMeter: Default Locale=English (EN)
2020-12-20 22:59:20,408 INFO o.a.j.JMeter: JMeter  Locale=English (EN)
2020-12-20 22:59:20,408 INFO o.a.j.JMeter: JMeterHome=/root/apache-jmeter-5.4
2020-12-20 22:59:20,408 INFO o.a.j.JMeter: user.dir  =/root/apache-jmeter-5.4/bin
2020-12-20 22:59:20,408 INFO o.a.j.JMeter: PWD       =/root/apache-jmeter-5.4/bin
2020-12-20 22:59:20,413 INFO o.a.j.JMeter: IP: 172.31.3.157 Name: ip-172-31-3-157 FullName: ip-172-31-3-157.us-east-2.compute.internal
2020-12-20 22:59:20,420 INFO o.a.j.r.RmiUtils: Disabling SSL for RMI as server.rmi.ssl.disable is set to 'true'
2020-12-20 22:59:20,420 INFO o.a.j.r.RmiUtils: Disabling SSL for RMI as server.rmi.ssl.disable is set to 'true'
2020-12-20 22:59:20,446 INFO o.a.j.e.RemoteJMeterEngineImpl: Starting backing engine on 1234
2020-12-20 22:59:20,446 INFO o.a.j.r.RmiUtils: System property 'java.rmi.server.hostname' is not defined, using localHost address
2020-12-20 22:59:20,446 INFO o.a.j.r.RmiUtils: Local IP address=172.31.3.157
2020-12-20 22:59:20,446 INFO o.a.j.e.RemoteJMeterEngineImpl: IP address is a site-local address; this may cause problems with remote access.
	Can be overridden by defining the system property 'java.rmi.server.hostname' - see jmeter-server script file
2020-12-20 22:59:20,446 INFO o.a.j.e.RemoteJMeterEngineImpl: Creating RMI registry (server.rmi.create=true)
2020-12-20 22:59:20,446 INFO o.a.j.r.RmiUtils: Disabling SSL for RMI as server.rmi.ssl.disable is set to 'true'
2020-12-20 22:59:20,446 INFO o.a.j.r.RmiUtils: Disabling SSL for RMI as server.rmi.ssl.disable is set to 'true'
2020-12-20 22:59:20,450 INFO o.a.j.e.RemoteJMeterEngineImpl: Bound to RMI registry on port 1234
